<?xml version="1.0" encoding="UTF-8"?>
<!-- Generated by org.testng.reporters.JUnitReportReporter -->
<testsuite skipped="0" hostname="VEDANT" name="testNG.Example1" tests="1" failures="0" timestamp="03 Feb 2023 09:55:46 GMT" time="0.001" errors="0">
  <testcase name="testCase1" time="0.001" classname="testNG.Example1"/>
</testsuite> <!-- testNG.Example1 -->
