<?xml version="1.0" encoding="UTF-8"?>
<!-- Generated by org.testng.reporters.JUnitReportReporter -->
<testsuite skipped="0" hostname="VEDANT" name="dataDrivenTesting.ActitimeLogin" tests="1" failures="0" timestamp="02 Feb 2023 16:41:18 GMT" time="23.500" errors="0">
  <testcase name="actitimeLogin" time="23.500" classname="dataDrivenTesting.ActitimeLogin"/>
</testsuite> <!-- dataDrivenTesting.ActitimeLogin -->
