<?xml version="1.0" encoding="UTF-8"?>
<!-- Generated by org.testng.reporters.JUnitReportReporter -->
<testsuite skipped="0" hostname="VEDANT" name="testNG.Example4" tests="3" failures="0" timestamp="03 Feb 2023 09:55:46 GMT" time="0.001" errors="0">
  <testcase name="c_compose" time="0.000" classname="testNG.Example4"/>
  <testcase name="a_signUp" time="0.001" classname="testNG.Example4"/>
  <testcase name="b_login" time="0.000" classname="testNG.Example4"/>
</testsuite> <!-- testNG.Example4 -->
