<?xml version="1.0" encoding="UTF-8"?>
<!-- Generated by org.testng.reporters.JUnitReportReporter -->
<testsuite skipped="0" hostname="VEDANT" name="dataDrivenTesting.AssignMentVtigerTC" tests="1" failures="0" timestamp="02 Feb 2023 16:45:44 GMT" time="16.244" errors="0">
  <testcase name="vtigerLogin" time="16.244" classname="dataDrivenTesting.AssignMentVtigerTC"/>
</testsuite> <!-- dataDrivenTesting.AssignMentVtigerTC -->
