<?xml version="1.0" encoding="UTF-8"?>
<!-- Generated by org.testng.reporters.JUnitReportReporter -->
<testsuite skipped="0" hostname="VEDANT" name="testNG.AssignMentPIM" tests="1" failures="0" timestamp="28 Jan 2023 13:04:44 GMT" time="18.075" errors="0">
  <testcase name="createPIM" time="18.075" classname="testNG.AssignMentPIM"/>
</testsuite> <!-- testNG.AssignMentPIM -->
