<?xml version="1.0" encoding="UTF-8"?>
<!-- Generated by org.testng.reporters.JUnitReportReporter -->
<testsuite skipped="0" hostname="VEDANT" name="dataDrivenTesting.AssignMentactiTimeTC2" tests="1" failures="0" timestamp="03 Feb 2023 06:45:12 GMT" time="18.867" errors="0">
  <testcase name="actiTimeLogin" time="18.867" classname="dataDrivenTesting.AssignMentactiTimeTC2"/>
</testsuite> <!-- dataDrivenTesting.AssignMentactiTimeTC2 -->
