<?xml version="1.0" encoding="UTF-8"?>
<!-- Generated by org.testng.reporters.JUnitReportReporter -->
<testsuite skipped="0" hostname="VEDANT" name="testNG.ActiTimeUtilitySample" tests="4" failures="0" timestamp="03 Feb 2023 09:55:46 GMT" time="13.904" errors="0">
  <testcase name="c_createTask" time="0.001" classname="testNG.ActiTimeUtilitySample"/>
  <testcase name="d_logoutClose" time="0.001" classname="testNG.ActiTimeUtilitySample"/>
  <testcase name="a_openBrowserAndAppURL" time="13.672" classname="testNG.ActiTimeUtilitySample"/>
  <testcase name="b_login" time="0.230" classname="testNG.ActiTimeUtilitySample"/>
</testsuite> <!-- testNG.ActiTimeUtilitySample -->
