<?xml version="1.0" encoding="UTF-8"?>
<!-- Generated by org.testng.reporters.JUnitReportReporter -->
<testsuite skipped="0" hostname="VEDANT" name="testNG.FirstTestNgWebScript" tests="1" failures="0" timestamp="27 Jan 2023 10:44:24 GMT" time="6.068" errors="0">
  <testcase name="testCase1" time="6.068" classname="testNG.FirstTestNgWebScript"/>
</testsuite> <!-- testNG.FirstTestNgWebScript -->
