<?xml version="1.0" encoding="UTF-8"?>
<!-- Generated by org.testng.reporters.JUnitReportReporter -->
<testsuite skipped="0" hostname="VEDANT" name="testNG.Example2" tests="3" failures="0" timestamp="03 Feb 2023 09:55:46 GMT" time="0.003" errors="0">
  <testcase name="testCase2" time="0.001" classname="testNG.Example2"/>
  <testcase name="testCase3" time="0.001" classname="testNG.Example2"/>
  <testcase name="testCase1" time="0.001" classname="testNG.Example2"/>
</testsuite> <!-- testNG.Example2 -->
