<?xml version="1.0" encoding="UTF-8"?>
<!-- Generated by org.testng.reporters.JUnitReportReporter -->
<testsuite skipped="0" hostname="VEDANT" name="dataDrivenTesting.AssignMentHRM" tests="1" failures="0" timestamp="02 Feb 2023 16:44:24 GMT" time="15.277" errors="0">
  <testcase name="OrangeHRMLogin" time="15.277" classname="dataDrivenTesting.AssignMentHRM"/>
</testsuite> <!-- dataDrivenTesting.AssignMentHRM -->
