<?xml version="1.0" encoding="UTF-8"?>
<!-- Generated by org.testng.reporters.JUnitReportReporter -->
<testsuite skipped="0" hostname="VEDANT" name="testNG.Actitime_Priority" tests="4" failures="0" timestamp="27 Jan 2023 10:48:21 GMT" time="0.044" errors="0">
  <testcase name="openBrowserAndAppURL" time="0.028" classname="testNG.Actitime_Priority"/>
  <testcase name="login" time="0.014" classname="testNG.Actitime_Priority"/>
  <testcase name="createTask" time="0.000" classname="testNG.Actitime_Priority"/>
  <testcase name="logoutClose" time="0.002" classname="testNG.Actitime_Priority"/>
</testsuite> <!-- testNG.Actitime_Priority -->
