<?xml version="1.0" encoding="UTF-8"?>
<!-- Generated by org.testng.reporters.JUnitReportReporter -->
<testsuite skipped="0" hostname="VEDANT" name="testNG2.GoogleAppnWithBeforeAfterClass" tests="2" failures="0" timestamp="27 Jan 2023 17:59:27 GMT" time="255.174" errors="0">
  <testcase name="testReportsPage" time="183.292" classname="testNG2.GoogleAppnWithBeforeAfterClass"/>
  <testcase name="testVtigerHomePage" time="71.882" classname="testNG2.GoogleAppnWithBeforeAfterClass"/>
</testsuite> <!-- testNG2.GoogleAppnWithBeforeAfterClass -->
