<?xml version="1.0" encoding="UTF-8"?>
<!-- Generated by org.testng.reporters.JUnitReportReporter -->
<testsuite skipped="0" hostname="VEDANT" name="testNG.Example3" tests="3" failures="0" timestamp="03 Feb 2023 09:55:46 GMT" time="0.007" errors="0">
  <testcase name="signUp" time="0.000" classname="testNG.Example3"/>
  <testcase name="login" time="0.006" classname="testNG.Example3"/>
  <testcase name="compose" time="0.001" classname="testNG.Example3"/>
</testsuite> <!-- testNG.Example3 -->
