<?xml version="1.0" encoding="UTF-8"?>
<!-- Generated by org.testng.reporters.JUnitReportReporter -->
<testsuite skipped="0" hostname="VEDANT" name="testNG.Actitime_InvocationCount" tests="5" failures="0" timestamp="27 Jan 2023 10:47:52 GMT" time="0.032" errors="0">
  <testcase name="openBrowserAndAppURL" time="0.002" classname="testNG.Actitime_InvocationCount"/>
  <testcase name="openBrowserAndAppURL" time="0.020" classname="testNG.Actitime_InvocationCount"/>
  <testcase name="openBrowserAndAppURL" time="0.008" classname="testNG.Actitime_InvocationCount"/>
  <testcase name="openBrowserAndAppURL" time="0.000" classname="testNG.Actitime_InvocationCount"/>
  <testcase name="openBrowserAndAppURL" time="0.002" classname="testNG.Actitime_InvocationCount"/>
</testsuite> <!-- testNG.Actitime_InvocationCount -->
