<?xml version="1.0" encoding="UTF-8"?>
<!-- Generated by org.testng.reporters.JUnitReportReporter -->
<testsuite skipped="0" hostname="VEDANT" name="advanceTestNG.Parameterization" tests="8" failures="0" timestamp="03 Feb 2023 08:12:46 GMT" time="14.145" errors="0">
  <testcase name="testCaseOne" time="0.005" classname="advanceTestNG.Parameterization"/>
  <testcase name="testLoginOfVtiger" time="7.287" classname="advanceTestNG.Parameterization"/>
  <testcase name="testCaseThree" time="0.005" classname="advanceTestNG.Parameterization"/>
  <testcase name="testCaseTwo" time="0.000" classname="advanceTestNG.Parameterization"/>
  <testcase name="testCaseThree" time="0.000" classname="advanceTestNG.Parameterization"/>
  <testcase name="testLoginOfVtiger" time="6.848" classname="advanceTestNG.Parameterization"/>
  <testcase name="testCaseTwo" time="0.000" classname="advanceTestNG.Parameterization"/>
  <testcase name="testCaseOne" time="0.000" classname="advanceTestNG.Parameterization"/>
</testsuite> <!-- advanceTestNG.Parameterization -->
