<?xml version="1.0" encoding="UTF-8"?>
<!-- Generated by org.testng.reporters.JUnitReportReporter -->
<testsuite skipped="0" hostname="VEDANT" name="dataDrivenTesting.AssignMentVtigerTC2" tests="1" failures="0" timestamp="02 Feb 2023 16:47:20 GMT" time="8.113" errors="0">
  <testcase name="vtigerLogin" time="8.113" classname="dataDrivenTesting.AssignMentVtigerTC2"/>
</testsuite> <!-- dataDrivenTesting.AssignMentVtigerTC2 -->
