<?xml version="1.0" encoding="UTF-8"?>
<!-- Generated by org.testng.reporters.JUnitReportReporter -->
<testsuite skipped="0" hostname="VEDANT" name="testNG.TestngPIM" tests="1" failures="0" timestamp="03 Feb 2023 09:55:46 GMT" time="16.592" errors="0">
  <testcase name="createPIM" time="16.592" classname="testNG.TestngPIM"/>
</testsuite> <!-- testNG.TestngPIM -->
