<?xml version="1.0" encoding="UTF-8"?>
<!-- Generated by org.testng.reporters.JUnitReportReporter -->
<testsuite skipped="0" hostname="VEDANT" name="dataDrivenTesting.ExcelReading" tests="1" failures="0" timestamp="02 Feb 2023 08:15:47 GMT" time="0.345" errors="0">
  <testcase name="getDiffTypeOfCellData" time="0.345" classname="dataDrivenTesting.ExcelReading"/>
</testsuite> <!-- dataDrivenTesting.ExcelReading -->
