<?xml version="1.0" encoding="UTF-8"?>
<!-- Generated by org.testng.reporters.JUnitReportReporter -->
<testsuite skipped="0" hostname="VEDANT" name="advanceTestNG.TestParallelExecution" tests="2" failures="0" timestamp="03 Feb 2023 08:45:57 GMT" time="18.549" errors="0">
  <testcase name="testLoginOfActitime" time="11.596" classname="advanceTestNG.TestParallelExecution"/>
  <testcase name="testLoginOfVtiger" time="6.953" classname="advanceTestNG.TestParallelExecution"/>
</testsuite> <!-- advanceTestNG.TestParallelExecution -->
