<?xml version="1.0" encoding="UTF-8"?>
<!-- Generated by org.testng.reporters.JUnitReportReporter -->
<testsuite skipped="0" hostname="VEDANT" name="dataDrivenTesting.AssignMentactiTimeTC" tests="1" failures="0" timestamp="02 Feb 2023 17:20:50 GMT" time="26.945" errors="0">
  <testcase name="actiTimeLogin" time="26.945" classname="dataDrivenTesting.AssignMentactiTimeTC"/>
</testsuite> <!-- dataDrivenTesting.AssignMentactiTimeTC -->
