<?xml version="1.0" encoding="UTF-8"?>
<!-- Generated by org.testng.reporters.JUnitReportReporter -->
<testsuite skipped="0" hostname="VEDANT" name="advanceTestNG.GroupExamples" tests="2" failures="0" timestamp="03 Feb 2023 08:00:49 GMT" time="0.000" errors="0">
  <testcase name="testCaseTwo" time="0.000" classname="advanceTestNG.GroupExamples"/>
  <testcase name="testCaseOne" time="0.000" classname="advanceTestNG.GroupExamples"/>
</testsuite> <!-- advanceTestNG.GroupExamples -->
