<?xml version="1.0" encoding="UTF-8"?>
<!-- Generated by org.testng.reporters.JUnitReportReporter -->
<testsuite skipped="0" hostname="VEDANT" name="testNG.Actitime_Timeout" tests="1" failures="0" timestamp="27 Jan 2023 10:49:22 GMT" time="0.220" errors="0">
  <testcase name="openBrowserAndAppURL" time="0.220" classname="testNG.Actitime_Timeout"/>
</testsuite> <!-- testNG.Actitime_Timeout -->
