<?xml version="1.0" encoding="UTF-8"?>
<!-- Generated by org.testng.reporters.JUnitReportReporter -->
<testsuite skipped="0" hostname="VEDANT" name="dataDrivenTesting.AssignMentHRM2" tests="1" failures="0" timestamp="03 Feb 2023 06:46:42 GMT" time="12.859" errors="0">
  <testcase name="OrangeHRMLogin" time="12.859" classname="dataDrivenTesting.AssignMentHRM2"/>
</testsuite> <!-- dataDrivenTesting.AssignMentHRM2 -->
